<?xml version="1.0" encoding="UTF-8"?>
<!-- Generated by org.testng.reporters.JUnitXMLReporter -->
<testsuite ignored="0" hostname="DESKTOP-R3MPQ3E" failures="2" tests="7" name="Test" time="410.477" errors="0" timestamp="19 Feb 2022 02:24:18 GMT">
  <testcase classname="Pokerbazi.TBD001" name="tbd001" time="40.206"/>
  <testcase classname="Pokerbazi.TBD002" name="tbd002" time="36.812">
    <failure type="java.lang.AssertionError" message="unable to click on Proceed To Payment button">
      <![CDATA[java.lang.AssertionError: unable to click on Proceed To Payment button
at PokerBaziPom.PaymentModePage.clkOnProceedToPayment(PaymentModePage.java:143)
at Pokerbazi.TBD002.tbd002(TBD002.java:46)
... Removed 26 stack frames]]>
    </failure>
  </testcase> <!-- tbd002 -->
  <testcase classname="Pokerbazi.TBD003" name="tbd003" time="84.548"/>
  <testcase classname="Pokerbazi.TBD004" name="tbd004" time="46.797">
    <failure type="java.lang.AssertionError" message="Unable to click on Successful">
      <![CDATA[java.lang.AssertionError: Unable to click on Successful
at PokerBaziPom.PaymentModePage.clkStstusOption(PaymentModePage.java:259)
at Pokerbazi.TBD004.tbd004(TBD004.java:58)
... Removed 26 stack frames]]>
    </failure>
  </testcase> <!-- tbd004 -->
  <testcase classname="Pokerbazi.TBD005" name="tbd005" time="33.878"/>
  <testcase classname="Pokerbazi.TBD006" name="tbd006" time="45.632"/>
  <testcase classname="Pokerbazi.TBD007" name="tbd007" time="40.733"/>
</testsuite> <!-- Test -->
