<?xml version="1.0" encoding="UTF-8"?>
<testng-results ignored="0" total="1" passed="1" failed="0" skipped="0">
  <reporter-output>
  </reporter-output>
  <suite started-at="2022-02-20T09:44:55 IST" name="Default suite" finished-at="2022-02-20T09:45:08 IST" duration-ms="13029">
    <groups>
    </groups>
    <test started-at="2022-02-20T09:44:55 IST" name="Default test" finished-at="2022-02-20T09:45:08 IST" duration-ms="13029">
      <class name="Test_Script_Pokerbaazi.TC_O1PokerBaazi">
        <test-method is-config="true" signature="launchBrowser()[pri:0, instance:Test_Script_Pokerbaazi.TC_O1PokerBaazi@3f6f6701]" started-at="2022-02-20T09:44:43 IST" name="launchBrowser" finished-at="2022-02-20T09:44:55 IST" duration-ms="12081" status="PASS">
          <reporter-output>
          </reporter-output>
        </test-method> <!-- launchBrowser -->
        <test-method is-config="true" signature="LoginToApp()[pri:0, instance:Test_Script_Pokerbaazi.TC_O1PokerBaazi@3f6f6701]" started-at="2022-02-20T09:44:55 IST" name="LoginToApp" finished-at="2022-02-20T09:44:55 IST" duration-ms="2" status="PASS">
          <reporter-output>
          </reporter-output>
        </test-method> <!-- LoginToApp -->
        <test-method signature="PokerBaazi()[pri:0, instance:Test_Script_Pokerbaazi.TC_O1PokerBaazi@3f6f6701]" started-at="2022-02-20T09:44:55 IST" name="PokerBaazi" finished-at="2022-02-20T09:45:08 IST" duration-ms="12991" status="PASS">
          <reporter-output>
          </reporter-output>
        </test-method> <!-- PokerBaazi -->
        <test-method is-config="true" signature="logoutToApp()[pri:0, instance:Test_Script_Pokerbaazi.TC_O1PokerBaazi@3f6f6701]" started-at="2022-02-20T09:45:08 IST" name="logoutToApp" finished-at="2022-02-20T09:45:08 IST" duration-ms="0" status="PASS">
          <reporter-output>
          </reporter-output>
        </test-method> <!-- logoutToApp -->
        <test-method is-config="true" signature="closeBrowser()[pri:0, instance:Test_Script_Pokerbaazi.TC_O1PokerBaazi@3f6f6701]" started-at="2022-02-20T09:45:08 IST" name="closeBrowser" finished-at="2022-02-20T09:45:08 IST" duration-ms="0" status="PASS">
          <reporter-output>
          </reporter-output>
        </test-method> <!-- closeBrowser -->
      </class> <!-- Test_Script_Pokerbaazi.TC_O1PokerBaazi -->
    </test> <!-- Default test -->
  </suite> <!-- Default suite -->
</testng-results>
