# JRE version: OpenJDK Runtime Environment Temurin-17.0.1+12 (17.0.1+12) (build 17.0.1+12)
# Java VM: OpenJDK 64-Bit Server VM Temurin-17.0.1+12 (17.0.1+12, mixed mode, tiered, compressed oops, compressed class ptrs, g1 gc, windows-amd64)
GC Precious Log:
 CPUs: 2 total, 2 available
 Memory: 10182M
 Large Page Support: Disabled
 NUMA Support: Disabled
 Compressed Oops: Enabled (Zero based)
 Heap Region Size: 2M
 Heap Min Capacity: 8M
 Heap Initial Capacity: 160M
 Heap Max Capacity: 2546M
 Pre-touch: Disabled
 Parallel Workers: 2
 Concurrent Workers: 1
 Concurrent Refinement Workers: 2
 Periodic GC: Disabled
Heap:
 garbage-first heap   total 49152K, used 32137K [0x0000000760e00000, 0x0000000800000000)
  region size 2048K, 14 young (28672K), 2 survivors (4096K)
 Metaspace       used 25499K, committed 25728K, reserved 1073152K
  class space    used 2766K, committed 2880K, reserved 1048576K
GC Heap History (10 events):
Event: 0.788 GC heap before
{Heap before GC invocations=0 (full 0):
 garbage-first heap   total 163840K, used 6144K [0x0000000760e00000, 0x0000000800000000)
  region size 2048K, 4 young (8192K), 0 survivors (0K)
 Metaspace       used 7298K, committed 7424K, reserved 1056768K
  class space    used 625K, committed 704K, reserved 1048576K
}
Event: 0.792 GC heap after
{Heap after GC invocations=1 (full 0):
 garbage-first heap   total 163840K, used 5037K [0x0000000760e00000, 0x0000000800000000)
  region size 2048K, 1 young (2048K), 1 survivors (2048K)
 Metaspace       used 7298K, committed 7424K, reserved 1056768K
  class space    used 625K, committed 704K, reserved 1048576K
}
Event: 0.904 GC heap before
{Heap before GC invocations=1 (full 0):
 garbage-first heap   total 163840K, used 9133K [0x0000000760e00000, 0x0000000800000000)
  region size 2048K, 4 young (8192K), 1 survivors (2048K)
 Metaspace       used 7388K, committed 7488K, reserved 1056768K
  class space    used 628K, committed 704K, reserved 1048576K
}
Event: 0.906 GC heap after
{Heap after GC invocations=2 (full 0):
 garbage-first heap   total 163840K, used 5978K [0x0000000760e00000, 0x0000000800000000)
  region size 2048K, 1 young (2048K), 1 survivors (2048K)
 Metaspace       used 7388K, committed 7488K, reserved 1056768K
  class space    used 628K, committed 704K, reserved 1048576K
}
Event: 1.908 GC heap before
{Heap before GC invocations=2 (full 0):
 garbage-first heap   total 163840K, used 14170K [0x0000000760e00000, 0x0000000800000000)
  region size 2048K, 5 young (10240K), 1 survivors (2048K)
 Metaspace       used 12007K, committed 12096K, reserved 1064960K
  class space    used 1128K, committed 1152K, reserved 1048576K
}
Event: 1.911 GC heap after
{Heap after GC invocations=3 (full 0):
 garbage-first heap   total 163840K, used 8269K [0x0000000760e00000, 0x0000000800000000)
  region size 2048K, 1 young (2048K), 1 survivors (2048K)
 Metaspace       used 12007K, committed 12096K, reserved 1064960K
  class space    used 1128K, committed 1152K, reserved 1048576K
}
Event: 3.086 GC heap before
{Heap before GC invocations=3 (full 0):
 garbage-first heap   total 163840K, used 22605K [0x0000000760e00000, 0x0000000800000000)
  region size 2048K, 8 young (16384K), 1 survivors (2048K)
 Metaspace       used 17257K, committed 17472K, reserved 1064960K
  class space    used 1743K, committed 1856K, reserved 1048576K
}
Event: 3.092 GC heap after
{Heap after GC invocations=4 (full 0):
 garbage-first heap   total 163840K, used 10289K [0x0000000760e00000, 0x0000000800000000)
  region size 2048K, 1 young (2048K), 1 survivors (2048K)
 Metaspace       used 17257K, committed 17472K, reserved 1064960K
  class space    used 1743K, committed 1856K, reserved 1048576K
}
Event: 5.205 GC heap before
{Heap before GC invocations=4 (full 0):
 garbage-first heap   total 163840K, used 24625K [0x0000000760e00000, 0x0000000800000000)
  region size 2048K, 9 young (18432K), 1 survivors (2048K)
 Metaspace       used 21372K, committed 21504K, reserved 1073152K
  class space    used 2296K, committed 2368K, reserved 1048576K
}
Event: 5.211 GC heap after
{Heap after GC invocations=5 (full 0):
 garbage-first heap   total 163840K, used 11657K [0x0000000760e00000, 0x0000000800000000)
  region size 2048K, 2 young (4096K), 2 survivors (4096K)
 Metaspace       used 21372K, committed 21504K, reserved 1073152K
  class space    used 2296K, committed 2368K, reserved 1048576K
}

