# JRE version: OpenJDK Runtime Environment Temurin-17.0.1+12 (17.0.1+12) (build 17.0.1+12)
# Java VM: OpenJDK 64-Bit Server VM Temurin-17.0.1+12 (17.0.1+12, mixed mode, tiered, compressed oops, compressed class ptrs, g1 gc, windows-amd64)
GC Precious Log:
 CPUs: 2 total, 2 available
 Memory: 10182M
 Large Page Support: Disabled
 NUMA Support: Disabled
 Compressed Oops: Enabled (Zero based)
 Heap Region Size: 2M
 Heap Min Capacity: 8M
 Heap Initial Capacity: 160M
 Heap Max Capacity: 2546M
 Pre-touch: Disabled
 Parallel Workers: 2
 Concurrent Workers: 1
 Concurrent Refinement Workers: 2
 Periodic GC: Disabled
Heap:
 garbage-first heap   total 49152K, used 32630K [0x0000000760e00000, 0x0000000800000000)
  region size 2048K, 13 young (26624K), 2 survivors (4096K)
 Metaspace       used 27562K, committed 27776K, reserved 1081344K
  class space    used 3021K, committed 3136K, reserved 1048576K
GC Heap History (10 events):
Event: 1.394 GC heap before
{Heap before GC invocations=0 (full 0):
 garbage-first heap   total 163840K, used 6144K [0x0000000760e00000, 0x0000000800000000)
  region size 2048K, 4 young (8192K), 0 survivors (0K)
 Metaspace       used 7265K, committed 7424K, reserved 1056768K
  class space    used 623K, committed 704K, reserved 1048576K
}
Event: 1.412 GC heap after
{Heap after GC invocations=1 (full 0):
 garbage-first heap   total 163840K, used 5389K [0x0000000760e00000, 0x0000000800000000)
  region size 2048K, 1 young (2048K), 1 survivors (2048K)
 Metaspace       used 7265K, committed 7424K, reserved 1056768K
  class space    used 623K, committed 704K, reserved 1048576K
}
Event: 1.617 GC heap before
{Heap before GC invocations=1 (full 0):
 garbage-first heap   total 163840K, used 9485K [0x0000000760e00000, 0x0000000800000000)
  region size 2048K, 4 young (8192K), 1 survivors (2048K)
 Metaspace       used 7355K, committed 7488K, reserved 1056768K
  class space    used 627K, committed 704K, reserved 1048576K
}
Event: 1.620 GC heap after
{Heap after GC invocations=2 (full 0):
 garbage-first heap   total 163840K, used 6258K [0x0000000760e00000, 0x0000000800000000)
  region size 2048K, 1 young (2048K), 1 survivors (2048K)
 Metaspace       used 7355K, committed 7488K, reserved 1056768K
  class space    used 627K, committed 704K, reserved 1048576K
}
Event: 2.278 GC heap before
{Heap before GC invocations=2 (full 0):
 garbage-first heap   total 163840K, used 10354K [0x0000000760e00000, 0x0000000800000000)
  region size 2048K, 4 young (8192K), 1 survivors (2048K)
 Metaspace       used 11757K, committed 11968K, reserved 1064960K
  class space    used 1111K, committed 1216K, reserved 1048576K
}
Event: 2.284 GC heap after
{Heap after GC invocations=3 (full 0):
 garbage-first heap   total 163840K, used 8762K [0x0000000760e00000, 0x0000000800000000)
  region size 2048K, 1 young (2048K), 1 survivors (2048K)
 Metaspace       used 11757K, committed 11968K, reserved 1064960K
  class space    used 1111K, committed 1216K, reserved 1048576K
}
Event: 3.131 GC heap before
{Heap before GC invocations=3 (full 0):
 garbage-first heap   total 163840K, used 16954K [0x0000000760e00000, 0x0000000800000000)
  region size 2048K, 6 young (12288K), 1 survivors (2048K)
 Metaspace       used 15361K, committed 15488K, reserved 1064960K
  class space    used 1486K, committed 1536K, reserved 1048576K
}
Event: 3.140 GC heap after
{Heap after GC invocations=4 (full 0):
 garbage-first heap   total 163840K, used 10381K [0x0000000760e00000, 0x0000000800000000)
  region size 2048K, 1 young (2048K), 1 survivors (2048K)
 Metaspace       used 15361K, committed 15488K, reserved 1064960K
  class space    used 1486K, committed 1536K, reserved 1048576K
}
Event: 5.504 GC heap before
{Heap before GC invocations=4 (full 0):
 garbage-first heap   total 163840K, used 24717K [0x0000000760e00000, 0x0000000800000000)
  region size 2048K, 9 young (18432K), 1 survivors (2048K)
 Metaspace       used 21358K, committed 21504K, reserved 1073152K
  class space    used 2159K, committed 2240K, reserved 1048576K
}
Event: 5.514 GC heap after
{Heap after GC invocations=5 (full 0):
 garbage-first heap   total 163840K, used 12150K [0x0000000760e00000, 0x0000000800000000)
  region size 2048K, 2 young (4096K), 2 survivors (4096K)
 Metaspace       used 21358K, committed 21504K, reserved 1073152K
  class space    used 2159K, committed 2240K, reserved 1048576K
}

